<?xml version="1.0" encoding="UTF-8"?>
<!-- Generated by org.testng.reporters.JUnitReportReporter -->
<testsuite skipped="0" hostname="EVT02098NB" name="guru.springframework.BootWebRunnerTest" tests="3" failures="0" timestamp="11 Kas 2021 17:39:33 GMT" time="16.290" errors="0">
  <testcase name="runScenario" time="4.085" classname="guru.springframework.BootWebRunnerTest"/>
  <testcase name="runScenario" time="7.949" classname="guru.springframework.BootWebRunnerTest"/>
  <testcase name="runScenario" time="4.256" classname="guru.springframework.BootWebRunnerTest"/>
</testsuite> <!-- guru.springframework.BootWebRunnerTest -->
